<?xml version="1.0" encoding="UTF-8"?>
<!-- Generated by org.testng.reporters.JUnitReportReporter -->
<testsuite skipped="0" hostname="dluharo277191" name="com.app.web.tests.TransferFundsTest" tests="1" failures="0" timestamp="10 Apr 2018 09:29:35 GMT" time="9.851" errors="0">
  <testcase name="transferFunds" time="9.851" classname="com.app.web.tests.TransferFundsTest"/>
</testsuite> <!-- com.app.web.tests.TransferFundsTest -->
