<?xml version="1.0" encoding="UTF-8"?>
<!-- Generated by org.testng.reporters.JUnitReportReporter -->
<testsuite hostname="dluharo205881" failures="0" tests="2" name="com.app.web.tests.GoogleFinanceTest3" time="15.740" errors="0" timestamp="28 Dec 2017 09:24:28 GMT" skipped="0">
  <testcase classname="com.app.web.tests.GoogleFinanceTest3" name="searchMethod32" time="8.064"/>
  <testcase classname="com.app.web.tests.GoogleFinanceTest3" name="searchMethod31" time="7.676"/>
</testsuite> <!-- com.app.web.tests.GoogleFinanceTest3 -->
