<?xml version="1.0" encoding="UTF-8"?>
<!-- Generated by org.testng.reporters.JUnitReportReporter -->
<testsuite skipped="0" hostname="dluharo277191" name="com.runner.GetAPIRunner" tests="1" failures="0" timestamp="10 Apr 2018 09:33:21 GMT" time="9.409" errors="0">
  <testcase name="feature" time="9.409" classname="com.runner.GetAPIRunner"/>
</testsuite> <!-- com.runner.GetAPIRunner -->
