<?xml version="1.0" encoding="UTF-8"?>
<!-- Generated by org.testng.reporters.JUnitReportReporter -->
<testsuite skipped="0" hostname="dluharo277191" name="com.runner.SoapRunner" tests="1" failures="0" timestamp="16 Apr 2018 09:14:13 GMT" time="8.760" errors="0">
  <testcase name="feature" time="8.760" classname="com.runner.SoapRunner"/>
</testsuite> <!-- com.runner.SoapRunner -->
