<?xml version="1.0" encoding="UTF-8"?>
<!-- Generated by org.testng.reporters.JUnitReportReporter -->
<testsuite skipped="0" hostname="dluharo277191" name="com.app.web.tests.VerifyHerokuLogin" tests="1" failures="0" timestamp="19 Mar 2018 13:51:42 GMT" time="11.221" errors="0">
  <testcase name="verifyLogin" time="11.221" classname="com.app.web.tests.VerifyHerokuLogin"/>
</testsuite> <!-- com.app.web.tests.VerifyHerokuLogin -->
