<?xml version="1.0" encoding="UTF-8"?>
<!-- Generated by org.testng.reporters.JUnitReportReporter -->
<testsuite skipped="0" hostname="dluharo277191" name="com.runner.OnlineBankingHomeRunner" tests="1" failures="0" timestamp="19 Mar 2018 08:09:50 GMT" time="16.362" errors="0">
  <testcase name="feature" time="16.362" classname="com.runner.OnlineBankingHomeRunner"/>
</testsuite> <!-- com.runner.OnlineBankingHomeRunner -->
